<?xml version="1.0" encoding="UTF-8"?>
<!-- Generated by org.testng.reporters.JUnitXMLReporter -->
<testsuite ignored="0" hostname="Musthaqshaik" failures="0" tests="6" name="LoginPageTest" time="58.961" errors="0" timestamp="2024-06-20T15:58:25 IST">
  <testcase classname="LoginPageTest" name="testloginpage" time="2.616"/>
  <testcase classname="LoginPageTest" name="testempyinputs" time="3.82"/>
  <testcase classname="LoginPageTest" name="testemtyusername" time="3.554"/>
  <testcase classname="LoginPageTest" name="testemtypassword" time="1.92"/>
  <testcase classname="LoginPageTest" name="testinvalidinputs" time="0.894"/>
  <testcase classname="LoginPageTest" name="testvalidinputs" time="0.384"/>
</testsuite> <!-- LoginPageTest -->
